<?xml version="1.0" encoding="UTF-8"?>
<!-- Generated by org.testng.reporters.JUnitXMLReporter -->
<testsuite hostname="DESKTOP-7IVDP17" name="Test" tests="10" failures="0" timestamp="21 May 2018 16:25:32 GMT" time="79.8" errors="0">
  <testcase name="launchbrowserI" time="8.129" classname="Core.Core_Basic"/>
  <testcase name="Login_user_valid" time="7.372" classname="testcase.Login_valid_TC"/>
  <testcase name="Login_user_Invalid" time="5.859" classname="testcase.Login_Invalid_TC"/>
  <testcase name="pagetitle_verify" time="2.093" classname="testcase.Pagetitle_TC"/>
  <testcase name="user_creation" time="12.448" classname="testcase.User_Creation_TC"/>
  <testcase name="Search_result_ispresent" time="5.739" classname="testcase.Search_Results_TC"/>
  <testcase name="delete_usingserach" time="6.217" classname="testcase.Delete_Record_TC"/>
  <testcase name="leave_assignement" time="14.752" classname="testcase.AssignLeave_TC"/>
  <testcase name="addnewemployee" time="10.561" classname="testcase.Addnewemp_TC"/>
  <testcase name="addsalary" time="3.102" classname="testcase.Add_salary_TC"/>
</testsuite> <!-- Test -->
